{
"src\\app\\ReusableComponents\\assignableListItems\\assignableListItems.ts":{"path":"src\\app\\ReusableComponents\\assignableListItems\\assignableListItems.ts","statementMap":{"1":{"start":{"line":1,"column":0},"end":{"line":1,"column":91}},"2":{"start":{"line":2,"column":13},"end":{"line":2,"column":28}},"3":{"start":{"line":11,"column":0},"end":{"line":127,"column":0}},"4":{"start":{"line":14,"column":24},"end":{"line":14,"column":49}},"5":{"start":{"line":15,"column":27},"end":{"line":15,"column":56}},"6":{"start":{"line":16,"column":14},"end":{"line":16,"column":43}},"7":{"start":{"line":19,"column":4},"end":{"line":19,"column":34}},"8":{"start":{"line":20,"column":4},"end":{"line":20,"column":38}},"9":{"start":{"line":21,"column":4},"end":{"line":21,"column":41}},"10":{"start":{"line":23,"column":4},"end":{"line":23,"column":39}},"11":{"start":{"line":25,"column":4},"end":{"line":41,"column":5}},"12":{"start":{"line":26,"column":8},"end":{"line":31,"column":9}},"13":{"start":{"line":27,"column":12},"end":{"line":27,"column":75}},"14":{"start":{"line":29,"column":12},"end":{"line":29,"column":70}},"15":{"start":{"line":30,"column":12},"end":{"line":30,"column":64}},"16":{"start":{"line":33,"column":8},"end":{"line":35,"column":9}},"17":{"start":{"line":34,"column":12},"end":{"line":34,"column":73}},"18":{"start":{"line":37,"column":8},"end":{"line":37,"column":194}},"19":{"start":{"line":38,"column":8},"end":{"line":38,"column":206}},"20":{"start":{"line":40,"column":8},"end":{"line":40,"column":33}},"21":{"start":{"line":43,"column":4},"end":{"line":60,"column":5}},"22":{"start":{"line":44,"column":8},"end":{"line":59,"column":9}},"23":{"start":{"line":45,"column":12},"end":{"line":51,"column":13}},"24":{"start":{"line":46,"column":35},"end":{"line":46,"column":68}},"25":{"start":{"line":47,"column":31},"end":{"line":47,"column":65}},"26":{"start":{"line":48,"column":16},"end":{"line":50,"column":17}},"27":{"start":{"line":49,"column":20},"end":{"line":49,"column":204}},"28":{"start":{"line":52,"column":12},"end":{"line":58,"column":13}},"29":{"start":{"line":53,"column":35},"end":{"line":53,"column":71}},"30":{"start":{"line":54,"column":31},"end":{"line":54,"column":68}},"31":{"start":{"line":55,"column":16},"end":{"line":57,"column":17}},"32":{"start":{"line":56,"column":20},"end":{"line":56,"column":213}},"33":{"start":{"line":62,"column":4},"end":{"line":80,"column":5}},"34":{"start":{"line":63,"column":38},"end":{"line":63,"column":40}},"35":{"start":{"line":64,"column":8},"end":{"line":66,"column":9}},"36":{"start":{"line":65,"column":12},"end":{"line":65,"column":34}},"37":{"start":{"line":67,"column":8},"end":{"line":69,"column":9}},"38":{"start":{"line":68,"column":12},"end":{"line":68,"column":46}},"39":{"start":{"line":71,"column":8},"end":{"line":78,"column":9}},"40":{"start":{"line":72,"column":12},"end":{"line":77,"column":15}},"41":{"start":{"line":73,"column":36},"end":{"line":73,"column":50}},"42":{"start":{"line":74,"column":16},"end":{"line":74,"column":53}},"43":{"start":{"line":75,"column":16},"end":{"line":75,"column":65}},"44":{"start":{"line":76,"column":16},"end":{"line":76,"column":50}},"45":{"start":{"line":79,"column":8},"end":{"line":79,"column":29}},"46":{"start":{"line":82,"column":4},"end":{"line":89,"column":5}},"47":{"start":{"line":84,"column":8},"end":{"line":88,"column":11}},"48":{"start":{"line":91,"column":4},"end":{"line":103,"column":5}},"49":{"start":{"line":91,"column":4},"end":{"line":103,"column":4}},"50":{"start":{"line":92,"column":8},"end":{"line":102,"column":9}},"51":{"start":{"line":93,"column":12},"end":{"line":93,"column":19}},"52":{"start":{"line":95,"column":34},"end":{"line":95,"column":71}},"53":{"start":{"line":96,"column":12},"end":{"line":101,"column":14}},"54":{"start":{"line":97,"column":27},"end":{"line":97,"column":41}},"55":{"start":{"line":98,"column":16},"end":{"line":98,"column":45}},"56":{"start":{"line":99,"column":16},"end":{"line":99,"column":50}},"57":{"start":{"line":100,"column":16},"end":{"line":100,"column":71}},"58":{"start":{"line":105,"column":4},"end":{"line":112,"column":5}},"59":{"start":{"line":106,"column":8},"end":{"line":106,"column":97}},"60":{"start":{"line":106,"column":36},"end":{"line":106,"column":95}},"61":{"start":{"line":107,"column":8},"end":{"line":109,"column":9}},"62":{"start":{"line":107,"column":87},"end":{"line":107,"column":146}},"63":{"start":{"line":108,"column":12},"end":{"line":108,"column":19}},"64":{"start":{"line":111,"column":8},"end":{"line":111,"column":35}},"65":{"start":{"line":114,"column":4},"end":{"line":119,"column":5}},"66":{"start":{"line":115,"column":8},"end":{"line":117,"column":11}},"67":{"start":{"line":116,"column":12},"end":{"line":116,"column":72}},"68":{"start":{"line":118,"column":8},"end":{"line":118,"column":40}},"69":{"start":{"line":121,"column":4},"end":{"line":126,"column":5}},"70":{"start":{"line":122,"column":8},"end":{"line":124,"column":11}},"71":{"start":{"line":123,"column":12},"end":{"line":123,"column":72}},"72":{"start":{"line":125,"column":8},"end":{"line":125,"column":37}},"73":{"start":{"line":12,"column":4},"end":{"line":12,"column":24}},"74":{"start":{"line":13,"column":4},"end":{"line":13,"column":27}},"75":{"start":{"line":14,"column":4},"end":{"line":14,"column":23}},"76":{"start":{"line":15,"column":4},"end":{"line":15,"column":26}},"77":{"start":{"line":16,"column":4},"end":{"line":16,"column":13}},"78":{"start":{"line":17,"column":4},"end":{"line":17,"column":12}},"79":{"start":{"line":6,"column":0},"end":{"line":10,"column":2}},"80":{"start":{"line":127,"column":0},"end":{"line":127,"column":1}},"81":{"start":{"line":11,"column":13},"end":{"line":127,"column":1}},"82":{"start":{"line":128,"column":0},"end":{"line":134,"column":0}},"83":{"start":{"line":134,"column":0},"end":{"line":134,"column":1}},"84":{"start":{"line":128,"column":13},"end":{"line":134,"column":1}}},"fnMap":{"1":{"name":"(anonymous_2)","line":11,"loc":{"start":{"line":11,"column":0},"end":{"line":11,"column":-1}}},"2":{"name":"AssignableListItems","line":11,"loc":{"start":{"line":11,"column":0},"end":{"line":127,"column":1}}},"3":{"name":"(anonymous_4)","line":25,"loc":{"start":{"line":25,"column":4},"end":{"line":41,"column":5}}},"4":{"name":"(anonymous_5)","line":43,"loc":{"start":{"line":43,"column":59},"end":{"line":60,"column":5}}},"5":{"name":"(anonymous_6)","line":62,"loc":{"start":{"line":62,"column":67},"end":{"line":80,"column":5}}},"6":{"name":"(anonymous_7)","line":72,"loc":{"start":{"line":72,"column":31},"end":{"line":77,"column":13}}},"7":{"name":"(anonymous_8)","line":82,"loc":{"start":{"line":82,"column":30},"end":{"line":89,"column":5}}},"8":{"name":"(anonymous_9)","line":91,"loc":{"start":{"line":91,"column":87},"end":{"line":103,"column":5}}},"9":{"name":"(anonymous_10)","line":96,"loc":{"start":{"line":96,"column":42},"end":{"line":101,"column":13}}},"10":{"name":"(anonymous_11)","line":105,"loc":{"start":{"line":105,"column":96},"end":{"line":112,"column":5}}},"11":{"name":"(anonymous_12)","line":106,"loc":{"start":{"line":106,"column":31},"end":{"line":106,"column":95}}},"12":{"name":"(anonymous_13)","line":107,"loc":{"start":{"line":107,"column":83},"end":{"line":107,"column":146}}},"13":{"name":"(anonymous_14)","line":114,"loc":{"start":{"line":114,"column":4},"end":{"line":119,"column":5}}},"14":{"name":"(anonymous_15)","line":115,"loc":{"start":{"line":115,"column":121},"end":{"line":117,"column":9}}},"15":{"name":"(anonymous_16)","line":121,"loc":{"start":{"line":121,"column":4},"end":{"line":126,"column":5}}},"16":{"name":"(anonymous_17)","line":122,"loc":{"start":{"line":122,"column":124},"end":{"line":124,"column":9}}},"17":{"name":"(anonymous_18)","line":128,"loc":{"start":{"line":128,"column":0},"end":{"line":128,"column":-1}}},"18":{"name":"ListItem","line":132,"loc":{"start":{"line":132,"column":4},"end":{"line":133,"column":5}}}},"branchMap":{"1":{"line":26,"type":"if","locations":[{"start":{"line":26,"column":8},"end":{"line":31,"column":9}},{"start":{"line":26,"column":8},"end":{"line":31,"column":9}}]},"2":{"line":26,"type":"binary-expr","locations":[{"start":{"line":26,"column":11},"end":{"line":26,"column":29}},{"start":{"line":26,"column":33},"end":{"line":26,"column":74}}]},"3":{"line":33,"type":"if","locations":[{"start":{"line":33,"column":8},"end":{"line":35,"column":9}},{"start":{"line":33,"column":8},"end":{"line":35,"column":9}}]},"4":{"line":33,"type":"binary-expr","locations":[{"start":{"line":33,"column":12},"end":{"line":33,"column":30}},{"start":{"line":33,"column":34},"end":{"line":33,"column":69}}]},"5":{"line":44,"type":"if","locations":[{"start":{"line":44,"column":8},"end":{"line":59,"column":9}},{"start":{"line":44,"column":8},"end":{"line":59,"column":9}}]},"6":{"line":45,"type":"if","locations":[{"start":{"line":45,"column":12},"end":{"line":51,"column":13}},{"start":{"line":45,"column":12},"end":{"line":51,"column":13}}]},"7":{"line":48,"type":"if","locations":[{"start":{"line":48,"column":16},"end":{"line":50,"column":17}},{"start":{"line":48,"column":16},"end":{"line":50,"column":17}}]},"8":{"line":52,"type":"if","locations":[{"start":{"line":52,"column":12},"end":{"line":58,"column":13}},{"start":{"line":52,"column":12},"end":{"line":58,"column":13}}]},"9":{"line":55,"type":"if","locations":[{"start":{"line":55,"column":16},"end":{"line":57,"column":17}},{"start":{"line":55,"column":16},"end":{"line":57,"column":17}}]},"10":{"line":64,"type":"if","locations":[{"start":{"line":64,"column":8},"end":{"line":66,"column":9}},{"start":{"line":64,"column":8},"end":{"line":66,"column":9}}]},"11":{"line":67,"type":"if","locations":[{"start":{"line":67,"column":8},"end":{"line":69,"column":9}},{"start":{"line":67,"column":8},"end":{"line":69,"column":9}}]},"12":{"line":71,"type":"if","locations":[{"start":{"line":71,"column":8},"end":{"line":78,"column":9}},{"start":{"line":71,"column":8},"end":{"line":78,"column":9}}]},"13":{"line":71,"type":"binary-expr","locations":[{"start":{"line":71,"column":11},"end":{"line":71,"column":20}},{"start":{"line":71,"column":24},"end":{"line":71,"column":40}}]},"14":{"line":92,"type":"if","locations":[{"start":{"line":92,"column":8},"end":{"line":102,"column":9}},{"start":{"line":92,"column":8},"end":{"line":102,"column":9}}]},"15":{"line":106,"type":"binary-expr","locations":[{"start":{"line":106,"column":36},"end":{"line":106,"column":57}},{"start":{"line":106,"column":61},"end":{"line":106,"column":95}}]},"16":{"line":107,"type":"if","locations":[{"start":{"line":107,"column":8},"end":{"line":109,"column":9}},{"start":{"line":107,"column":8},"end":{"line":109,"column":9}}]},"17":{"line":107,"type":"binary-expr","locations":[{"start":{"line":107,"column":12},"end":{"line":107,"column":27}},{"start":{"line":107,"column":31},"end":{"line":107,"column":57}},{"start":{"line":107,"column":61},"end":{"line":107,"column":147}}]},"18":{"line":107,"type":"binary-expr","locations":[{"start":{"line":107,"column":87},"end":{"line":107,"column":108}},{"start":{"line":107,"column":112},"end":{"line":107,"column":146}}]},"19":{"line":116,"type":"binary-expr","locations":[{"start":{"line":116,"column":19},"end":{"line":116,"column":37}},{"start":{"line":116,"column":41},"end":{"line":116,"column":72}}]},"20":{"line":123,"type":"binary-expr","locations":[{"start":{"line":123,"column":19},"end":{"line":123,"column":37}},{"start":{"line":123,"column":41},"end":{"line":123,"column":72}}]}},"s":{"1":1,"2":1,"3":1,"4":2,"5":2,"6":2,"7":2,"8":2,"9":2,"10":2,"11":1,"12":0,"13":0,"14":0,"15":0,"16":0,"17":0,"18":0,"19":0,"20":0,"21":1,"22":0,"23":0,"24":0,"25":0,"26":0,"27":0,"28":0,"29":0,"30":0,"31":0,"32":0,"33":1,"34":0,"35":0,"36":0,"37":0,"38":0,"39":0,"40":0,"41":0,"42":0,"43":0,"44":0,"45":0,"46":1,"47":0,"48":1,"49":0,"50":0,"51":0,"52":0,"53":0,"54":0,"55":0,"56":0,"57":0,"58":1,"59":0,"60":0,"61":0,"62":0,"63":0,"64":0,"65":1,"66":1,"67":0,"68":1,"69":1,"70":0,"71":0,"72":0,"73":1,"74":1,"75":1,"76":1,"77":1,"78":1,"79":1,"80":1,"81":1,"82":1,"83":1,"84":1},"b":{"1":[0,0],"2":[0,0],"3":[0,0],"4":[0,0],"5":[0,0],"6":[0,0],"7":[0,0],"8":[0,0],"9":[0,0],"10":[0,0],"11":[0,0],"12":[0,0],"13":[0,0],"14":[0,0],"15":[0,0],"16":[0,0],"17":[0,0,0],"18":[0,0],"19":[0,0],"20":[0,0]},"f":{"1":1,"2":2,"3":0,"4":0,"5":0,"6":0,"7":0,"8":0,"9":0,"10":0,"11":0,"12":0,"13":1,"14":0,"15":0,"16":0,"17":1,"18":0},"l":{"1":1,"2":1,"6":1,"11":1,"12":1,"13":1,"14":2,"15":2,"16":2,"17":1,"19":2,"20":2,"21":2,"23":2,"25":1,"26":0,"27":0,"29":0,"30":0,"33":0,"34":0,"37":0,"38":0,"40":0,"43":1,"44":0,"45":0,"46":0,"47":0,"48":0,"49":0,"52":0,"53":0,"54":0,"55":0,"56":0,"62":1,"63":0,"64":0,"65":0,"67":0,"68":0,"71":0,"72":0,"73":0,"74":0,"75":0,"76":0,"79":0,"82":1,"84":0,"91":1,"92":0,"93":0,"95":0,"96":0,"97":0,"98":0,"99":0,"100":0,"105":1,"106":0,"107":0,"108":0,"111":0,"114":1,"115":1,"116":0,"118":1,"121":1,"122":0,"123":0,"125":0,"127":1,"128":1,"134":1}}}
